::1 - - [15/Mar/2016:20:31:50 +0000] "GET /authentication/signin HTTP/1.1" 200 - "-" "Mozilla/5.0 (X11; Linux x86_64) AppleWebKit/537.36 (KHTML, like Gecko) Chrome/49.0.2623.87 Safari/537.36"
::1 - - [15/Mar/2016:20:31:50 +0000] "GET /lib/bootstrap/dist/css/bootstrap-theme.css HTTP/1.1" 200 - "http://localhost:3001/authentication/signin" "Mozilla/5.0 (X11; Linux x86_64) AppleWebKit/537.36 (KHTML, like Gecko) Chrome/49.0.2623.87 Safari/537.36"
::1 - - [15/Mar/2016:20:31:50 +0000] "GET /modules/core/client/css/core.css HTTP/1.1" 200 620 "http://localhost:3001/authentication/signin" "Mozilla/5.0 (X11; Linux x86_64) AppleWebKit/537.36 (KHTML, like Gecko) Chrome/49.0.2623.87 Safari/537.36"
::1 - - [15/Mar/2016:20:31:50 +0000] "GET /modules/users/client/css/users.css HTTP/1.1" 200 600 "http://localhost:3001/authentication/signin" "Mozilla/5.0 (X11; Linux x86_64) AppleWebKit/537.36 (KHTML, like Gecko) Chrome/49.0.2623.87 Safari/537.36"
::1 - - [15/Mar/2016:20:31:50 +0000] "GET /lib/bootstrap/dist/css/bootstrap.css HTTP/1.1" 200 - "http://localhost:3001/authentication/signin" "Mozilla/5.0 (X11; Linux x86_64) AppleWebKit/537.36 (KHTML, like Gecko) Chrome/49.0.2623.87 Safari/537.36"
::1 - - [15/Mar/2016:20:31:50 +0000] "GET /lib/angular-resource/angular-resource.js HTTP/1.1" 200 - "http://localhost:3001/authentication/signin" "Mozilla/5.0 (X11; Linux x86_64) AppleWebKit/537.36 (KHTML, like Gecko) Chrome/49.0.2623.87 Safari/537.36"
::1 - - [15/Mar/2016:20:31:50 +0000] "GET /lib/angular-messages/angular-messages.js HTTP/1.1" 200 - "http://localhost:3001/authentication/signin" "Mozilla/5.0 (X11; Linux x86_64) AppleWebKit/537.36 (KHTML, like Gecko) Chrome/49.0.2623.87 Safari/537.36"
::1 - - [15/Mar/2016:20:31:50 +0000] "GET /lib/angular-ui-utils/ui-utils.js HTTP/1.1" 200 - "http://localhost:3001/authentication/signin" "Mozilla/5.0 (X11; Linux x86_64) AppleWebKit/537.36 (KHTML, like Gecko) Chrome/49.0.2623.87 Safari/537.36"
::1 - - [15/Mar/2016:20:31:50 +0000] "GET /lib/angular-animate/angular-animate.js HTTP/1.1" 200 - "http://localhost:3001/authentication/signin" "Mozilla/5.0 (X11; Linux x86_64) AppleWebKit/537.36 (KHTML, like Gecko) Chrome/49.0.2623.87 Safari/537.36"
::1 - - [15/Mar/2016:20:31:50 +0000] "GET /lib/angular-ui-router/release/angular-ui-router.js HTTP/1.1" 200 - "http://localhost:3001/authentication/signin" "Mozilla/5.0 (X11; Linux x86_64) AppleWebKit/537.36 (KHTML, like Gecko) Chrome/49.0.2623.87 Safari/537.36"
::1 - - [15/Mar/2016:20:31:50 +0000] "GET /lib/owasp-password-strength-test/owasp-password-strength-test.js HTTP/1.1" 200 - "http://localhost:3001/authentication/signin" "Mozilla/5.0 (X11; Linux x86_64) AppleWebKit/537.36 (KHTML, like Gecko) Chrome/49.0.2623.87 Safari/537.36"
::1 - - [15/Mar/2016:20:31:50 +0000] "GET /lib/angular-file-upload/angular-file-upload.js HTTP/1.1" 200 - "http://localhost:3001/authentication/signin" "Mozilla/5.0 (X11; Linux x86_64) AppleWebKit/537.36 (KHTML, like Gecko) Chrome/49.0.2623.87 Safari/537.36"
::1 - - [15/Mar/2016:20:31:50 +0000] "GET /modules/core/client/app/config.js HTTP/1.1" 200 851 "http://localhost:3001/authentication/signin" "Mozilla/5.0 (X11; Linux x86_64) AppleWebKit/537.36 (KHTML, like Gecko) Chrome/49.0.2623.87 Safari/537.36"
::1 - - [15/Mar/2016:20:31:50 +0000] "GET /modules/core/client/app/init.js HTTP/1.1" 200 - "http://localhost:3001/authentication/signin" "Mozilla/5.0 (X11; Linux x86_64) AppleWebKit/537.36 (KHTML, like Gecko) Chrome/49.0.2623.87 Safari/537.36"
::1 - - [15/Mar/2016:20:31:50 +0000] "GET /lib/angular-bootstrap/ui-bootstrap-tpls.js HTTP/1.1" 200 - "http://localhost:3001/authentication/signin" "Mozilla/5.0 (X11; Linux x86_64) AppleWebKit/537.36 (KHTML, like Gecko) Chrome/49.0.2623.87 Safari/537.36"
::1 - - [15/Mar/2016:20:31:50 +0000] "GET /modules/core/client/core.client.module.js HTTP/1.1" 200 270 "http://localhost:3001/authentication/signin" "Mozilla/5.0 (X11; Linux x86_64) AppleWebKit/537.36 (KHTML, like Gecko) Chrome/49.0.2623.87 Safari/537.36"
::1 - - [15/Mar/2016:20:31:50 +0000] "GET /modules/users/client/users.client.module.js HTTP/1.1" 200 297 "http://localhost:3001/authentication/signin" "Mozilla/5.0 (X11; Linux x86_64) AppleWebKit/537.36 (KHTML, like Gecko) Chrome/49.0.2623.87 Safari/537.36"
::1 - - [15/Mar/2016:20:31:50 +0000] "GET /modules/ustories/client/ustories.client.module.js HTTP/1.1" 200 99 "http://localhost:3001/authentication/signin" "Mozilla/5.0 (X11; Linux x86_64) AppleWebKit/537.36 (KHTML, like Gecko) Chrome/49.0.2623.87 Safari/537.36"
::1 - - [15/Mar/2016:20:31:50 +0000] "GET /modules/core/client/config/core-admin.client.menus.js HTTP/1.1" 200 220 "http://localhost:3001/authentication/signin" "Mozilla/5.0 (X11; Linux x86_64) AppleWebKit/537.36 (KHTML, like Gecko) Chrome/49.0.2623.87 Safari/537.36"
::1 - - [15/Mar/2016:20:31:50 +0000] "GET /modules/core/client/config/core-admin.client.routes.js HTTP/1.1" 200 320 "http://localhost:3001/authentication/signin" "Mozilla/5.0 (X11; Linux x86_64) AppleWebKit/537.36 (KHTML, like Gecko) Chrome/49.0.2623.87 Safari/537.36"
::1 - - [15/Mar/2016:20:31:50 +0000] "GET /modules/core/client/config/core.client.routes.js HTTP/1.1" 200 - "http://localhost:3001/authentication/signin" "Mozilla/5.0 (X11; Linux x86_64) AppleWebKit/537.36 (KHTML, like Gecko) Chrome/49.0.2623.87 Safari/537.36"
::1 - - [15/Mar/2016:20:31:50 +0000] "GET /modules/core/client/controllers/header.client.controller.js HTTP/1.1" 200 655 "http://localhost:3001/authentication/signin" "Mozilla/5.0 (X11; Linux x86_64) AppleWebKit/537.36 (KHTML, like Gecko) Chrome/49.0.2623.87 Safari/537.36"
::1 - - [15/Mar/2016:20:31:50 +0000] "GET /modules/core/client/controllers/home.client.controller.js HTTP/1.1" 200 231 "http://localhost:3001/authentication/signin" "Mozilla/5.0 (X11; Linux x86_64) AppleWebKit/537.36 (KHTML, like Gecko) Chrome/49.0.2623.87 Safari/537.36"
::1 - - [15/Mar/2016:20:31:50 +0000] "GET /modules/core/client/directives/show-errors.client.directives.js HTTP/1.1" 200 - "http://localhost:3001/authentication/signin" "Mozilla/5.0 (X11; Linux x86_64) AppleWebKit/537.36 (KHTML, like Gecko) Chrome/49.0.2623.87 Safari/537.36"
::1 - - [15/Mar/2016:20:31:50 +0000] "GET /modules/core/client/services/interceptors/auth.interceptor.client.service.js HTTP/1.1" 200 608 "http://localhost:3001/authentication/signin" "Mozilla/5.0 (X11; Linux x86_64) AppleWebKit/537.36 (KHTML, like Gecko) Chrome/49.0.2623.87 Safari/537.36"
::1 - - [15/Mar/2016:20:31:50 +0000] "GET /modules/core/client/services/menus.client.service.js HTTP/1.1" 200 - "http://localhost:3001/authentication/signin" "Mozilla/5.0 (X11; Linux x86_64) AppleWebKit/537.36 (KHTML, like Gecko) Chrome/49.0.2623.87 Safari/537.36"
::1 - - [15/Mar/2016:20:31:50 +0000] "GET /lib/angular/angular.js HTTP/1.1" 200 - "http://localhost:3001/authentication/signin" "Mozilla/5.0 (X11; Linux x86_64) AppleWebKit/537.36 (KHTML, like Gecko) Chrome/49.0.2623.87 Safari/537.36"
::1 - - [15/Mar/2016:20:31:50 +0000] "GET /modules/core/client/services/socket.io.client.service.js HTTP/1.1" 200 1019 "http://localhost:3001/authentication/signin" "Mozilla/5.0 (X11; Linux x86_64) AppleWebKit/537.36 (KHTML, like Gecko) Chrome/49.0.2623.87 Safari/537.36"
::1 - - [15/Mar/2016:20:31:50 +0000] "GET /modules/users/client/config/users-admin.client.menus.js HTTP/1.1" 200 233 "http://localhost:3001/authentication/signin" "Mozilla/5.0 (X11; Linux x86_64) AppleWebKit/537.36 (KHTML, like Gecko) Chrome/49.0.2623.87 Safari/537.36"
::1 - - [15/Mar/2016:20:31:50 +0000] "GET /modules/users/client/config/users.client.config.js HTTP/1.1" 200 831 "http://localhost:3001/authentication/signin" "Mozilla/5.0 (X11; Linux x86_64) AppleWebKit/537.36 (KHTML, like Gecko) Chrome/49.0.2623.87 Safari/537.36"
::1 - - [15/Mar/2016:20:31:50 +0000] "GET /modules/users/client/config/users-admin.client.routes.js HTTP/1.1" 200 - "http://localhost:3001/authentication/signin" "Mozilla/5.0 (X11; Linux x86_64) AppleWebKit/537.36 (KHTML, like Gecko) Chrome/49.0.2623.87 Safari/537.36"
::1 - - [15/Mar/2016:20:31:50 +0000] "GET /modules/users/client/config/users.client.routes.js HTTP/1.1" 200 - "http://localhost:3001/authentication/signin" "Mozilla/5.0 (X11; Linux x86_64) AppleWebKit/537.36 (KHTML, like Gecko) Chrome/49.0.2623.87 Safari/537.36"
::1 - - [15/Mar/2016:20:31:50 +0000] "GET /modules/users/client/controllers/admin/list-users.client.controller.js HTTP/1.1" 200 909 "http://localhost:3001/authentication/signin" "Mozilla/5.0 (X11; Linux x86_64) AppleWebKit/537.36 (KHTML, like Gecko) Chrome/49.0.2623.87 Safari/537.36"
::1 - - [15/Mar/2016:20:31:50 +0000] "GET /modules/users/client/controllers/admin/user.client.controller.js HTTP/1.1" 200 - "http://localhost:3001/authentication/signin" "Mozilla/5.0 (X11; Linux x86_64) AppleWebKit/537.36 (KHTML, like Gecko) Chrome/49.0.2623.87 Safari/537.36"
::1 - - [15/Mar/2016:20:31:50 +0000] "GET /modules/users/client/controllers/authentication.client.controller.js HTTP/1.1" 200 - "http://localhost:3001/authentication/signin" "Mozilla/5.0 (X11; Linux x86_64) AppleWebKit/537.36 (KHTML, like Gecko) Chrome/49.0.2623.87 Safari/537.36"
::1 - - [15/Mar/2016:20:31:50 +0000] "GET /modules/users/client/controllers/settings/change-password.client.controller.js HTTP/1.1" 200 945 "http://localhost:3001/authentication/signin" "Mozilla/5.0 (X11; Linux x86_64) AppleWebKit/537.36 (KHTML, like Gecko) Chrome/49.0.2623.87 Safari/537.36"
::1 - - [15/Mar/2016:20:31:50 +0000] "GET /modules/users/client/controllers/password.client.controller.js HTTP/1.1" 200 - "http://localhost:3001/authentication/signin" "Mozilla/5.0 (X11; Linux x86_64) AppleWebKit/537.36 (KHTML, like Gecko) Chrome/49.0.2623.87 Safari/537.36"
::1 - - [15/Mar/2016:20:31:50 +0000] "GET /modules/users/client/controllers/settings/change-profile-picture.client.controller.js HTTP/1.1" 200 - "http://localhost:3001/authentication/signin" "Mozilla/5.0 (X11; Linux x86_64) AppleWebKit/537.36 (KHTML, like Gecko) Chrome/49.0.2623.87 Safari/537.36"
::1 - - [15/Mar/2016:20:31:50 +0000] "GET /modules/users/client/controllers/settings/edit-profile.client.controller.js HTTP/1.1" 200 804 "http://localhost:3001/authentication/signin" "Mozilla/5.0 (X11; Linux x86_64) AppleWebKit/537.36 (KHTML, like Gecko) Chrome/49.0.2623.87 Safari/537.36"
::1 - - [15/Mar/2016:20:31:50 +0000] "GET /modules/users/client/controllers/settings/manage-social-accounts.client.controller.js HTTP/1.1" 200 - "http://localhost:3001/authentication/signin" "Mozilla/5.0 (X11; Linux x86_64) AppleWebKit/537.36 (KHTML, like Gecko) Chrome/49.0.2623.87 Safari/537.36"
::1 - - [15/Mar/2016:20:31:50 +0000] "GET /modules/users/client/controllers/settings/settings.client.controller.js HTTP/1.1" 200 186 "http://localhost:3001/authentication/signin" "Mozilla/5.0 (X11; Linux x86_64) AppleWebKit/537.36 (KHTML, like Gecko) Chrome/49.0.2623.87 Safari/537.36"
::1 - - [15/Mar/2016:20:31:50 +0000] "GET /modules/users/client/directives/password-validator.client.directive.js HTTP/1.1" 200 - "http://localhost:3001/authentication/signin" "Mozilla/5.0 (X11; Linux x86_64) AppleWebKit/537.36 (KHTML, like Gecko) Chrome/49.0.2623.87 Safari/537.36"
::1 - - [15/Mar/2016:20:31:50 +0000] "GET /modules/users/client/directives/password-verify.client.directive.js HTTP/1.1" 200 756 "http://localhost:3001/authentication/signin" "Mozilla/5.0 (X11; Linux x86_64) AppleWebKit/537.36 (KHTML, like Gecko) Chrome/49.0.2623.87 Safari/537.36"
::1 - - [15/Mar/2016:20:31:50 +0000] "GET /modules/users/client/directives/users.client.directive.js HTTP/1.1" 200 392 "http://localhost:3001/authentication/signin" "Mozilla/5.0 (X11; Linux x86_64) AppleWebKit/537.36 (KHTML, like Gecko) Chrome/49.0.2623.87 Safari/537.36"
::1 - - [15/Mar/2016:20:31:50 +0000] "GET /modules/users/client/services/authentication.client.service.js HTTP/1.1" 200 220 "http://localhost:3001/authentication/signin" "Mozilla/5.0 (X11; Linux x86_64) AppleWebKit/537.36 (KHTML, like Gecko) Chrome/49.0.2623.87 Safari/537.36"
::1 - - [15/Mar/2016:20:31:50 +0000] "GET /modules/users/client/services/password-validator.client.service.js HTTP/1.1" 200 630 "http://localhost:3001/authentication/signin" "Mozilla/5.0 (X11; Linux x86_64) AppleWebKit/537.36 (KHTML, like Gecko) Chrome/49.0.2623.87 Safari/537.36"
::1 - - [15/Mar/2016:20:31:50 +0000] "GET /modules/users/client/services/users.client.service.js HTTP/1.1" 200 525 "http://localhost:3001/authentication/signin" "Mozilla/5.0 (X11; Linux x86_64) AppleWebKit/537.36 (KHTML, like Gecko) Chrome/49.0.2623.87 Safari/537.36"
::1 - - [15/Mar/2016:20:31:50 +0000] "GET /modules/ustories/client/config/ustories.client.config.js HTTP/1.1" 200 659 "http://localhost:3001/authentication/signin" "Mozilla/5.0 (X11; Linux x86_64) AppleWebKit/537.36 (KHTML, like Gecko) Chrome/49.0.2623.87 Safari/537.36"
::1 - - [15/Mar/2016:20:31:50 +0000] "GET /modules/ustories/client/config/ustories.client.routes.js HTTP/1.1" 200 - "http://localhost:3001/authentication/signin" "Mozilla/5.0 (X11; Linux x86_64) AppleWebKit/537.36 (KHTML, like Gecko) Chrome/49.0.2623.87 Safari/537.36"
::1 - - [15/Mar/2016:20:31:50 +0000] "GET /modules/ustories/client/controllers/list-ustories.client.controller.js HTTP/1.1" 200 317 "http://localhost:3001/authentication/signin" "Mozilla/5.0 (X11; Linux x86_64) AppleWebKit/537.36 (KHTML, like Gecko) Chrome/49.0.2623.87 Safari/537.36"
::1 - - [15/Mar/2016:20:31:50 +0000] "GET /modules/ustories/client/controllers/ustories.client.controller.js HTTP/1.1" 200 - "http://localhost:3001/authentication/signin" "Mozilla/5.0 (X11; Linux x86_64) AppleWebKit/537.36 (KHTML, like Gecko) Chrome/49.0.2623.87 Safari/537.36"
::1 - - [15/Mar/2016:20:31:50 +0000] "GET /modules/ustories/client/services/ustories.client.service.js HTTP/1.1" 200 409 "http://localhost:3001/authentication/signin" "Mozilla/5.0 (X11; Linux x86_64) AppleWebKit/537.36 (KHTML, like Gecko) Chrome/49.0.2623.87 Safari/537.36"
::1 - - [15/Mar/2016:20:31:51 +0000] "GET /modules/core/client/views/header.client.view.html HTTP/1.1" 200 - "http://localhost:3001/authentication/signin" "Mozilla/5.0 (X11; Linux x86_64) AppleWebKit/537.36 (KHTML, like Gecko) Chrome/49.0.2623.87 Safari/537.36"
::1 - - [15/Mar/2016:20:31:51 +0000] "GET /modules/users/client/views/authentication/authentication.client.view.html HTTP/1.1" 200 908 "http://localhost:3001/authentication/signin" "Mozilla/5.0 (X11; Linux x86_64) AppleWebKit/537.36 (KHTML, like Gecko) Chrome/49.0.2623.87 Safari/537.36"
::1 - - [15/Mar/2016:20:31:51 +0000] "GET /modules/users/client/views/authentication/signin.client.view.html HTTP/1.1" 200 - "http://localhost:3001/authentication/signin" "Mozilla/5.0 (X11; Linux x86_64) AppleWebKit/537.36 (KHTML, like Gecko) Chrome/49.0.2623.87 Safari/537.36"
::1 - - [15/Mar/2016:20:31:51 +0000] "GET /modules/users/client/img/buttons/facebook.png HTTP/1.1" 200 1024 "http://localhost:3001/authentication/signin" "Mozilla/5.0 (X11; Linux x86_64) AppleWebKit/537.36 (KHTML, like Gecko) Chrome/49.0.2623.87 Safari/537.36"
::1 - - [15/Mar/2016:20:31:51 +0000] "GET /modules/users/client/img/buttons/github.png HTTP/1.1" 200 2618 "http://localhost:3001/authentication/signin" "Mozilla/5.0 (X11; Linux x86_64) AppleWebKit/537.36 (KHTML, like Gecko) Chrome/49.0.2623.87 Safari/537.36"
::1 - - [15/Mar/2016:20:31:51 +0000] "GET /modules/users/client/img/buttons/twitter.png HTTP/1.1" 200 2181 "http://localhost:3001/authentication/signin" "Mozilla/5.0 (X11; Linux x86_64) AppleWebKit/537.36 (KHTML, like Gecko) Chrome/49.0.2623.87 Safari/537.36"
::1 - - [15/Mar/2016:20:31:51 +0000] "GET /modules/users/client/img/buttons/linkedin.png HTTP/1.1" 200 1506 "http://localhost:3001/authentication/signin" "Mozilla/5.0 (X11; Linux x86_64) AppleWebKit/537.36 (KHTML, like Gecko) Chrome/49.0.2623.87 Safari/537.36"
::1 - - [15/Mar/2016:20:31:51 +0000] "GET /modules/users/client/img/buttons/google.png HTTP/1.1" 200 3713 "http://localhost:3001/authentication/signin" "Mozilla/5.0 (X11; Linux x86_64) AppleWebKit/537.36 (KHTML, like Gecko) Chrome/49.0.2623.87 Safari/537.36"
::1 - - [15/Mar/2016:20:31:51 +0000] "GET /modules/users/client/img/buttons/paypal.png HTTP/1.1" 200 5229 "http://localhost:3001/authentication/signin" "Mozilla/5.0 (X11; Linux x86_64) AppleWebKit/537.36 (KHTML, like Gecko) Chrome/49.0.2623.87 Safari/537.36"
::1 - - [15/Mar/2016:20:31:51 +0000] "GET /modules/core/client/img/brand/favicon.ico HTTP/1.1" 200 99678 "http://localhost:3001/authentication/signin" "Mozilla/5.0 (X11; Linux x86_64) AppleWebKit/537.36 (KHTML, like Gecko) Chrome/49.0.2623.87 Safari/537.36"
::1 - - [15/Mar/2016:20:31:55 +0000] "GET /api/auth/facebook HTTP/1.1" 302 0 "http://localhost:3001/authentication/signin" "Mozilla/5.0 (X11; Linux x86_64) AppleWebKit/537.36 (KHTML, like Gecko) Chrome/49.0.2623.87 Safari/537.36"
::1 - - [15/Mar/2016:20:40:39 +0000] "GET /authentication/signin HTTP/1.1" 304 - "-" "Mozilla/5.0 (X11; Linux x86_64) AppleWebKit/537.36 (KHTML, like Gecko) Chrome/49.0.2623.87 Safari/537.36"
::1 - - [15/Mar/2016:20:40:40 +0000] "GET /lib/angular/angular.js HTTP/1.1" 304 - "http://localhost:3001/authentication/signin" "Mozilla/5.0 (X11; Linux x86_64) AppleWebKit/537.36 (KHTML, like Gecko) Chrome/49.0.2623.87 Safari/537.36"
::1 - - [15/Mar/2016:20:40:40 +0000] "GET /lib/bootstrap/dist/css/bootstrap.css HTTP/1.1" 304 - "http://localhost:3001/authentication/signin" "Mozilla/5.0 (X11; Linux x86_64) AppleWebKit/537.36 (KHTML, like Gecko) Chrome/49.0.2623.87 Safari/537.36"
::1 - - [15/Mar/2016:20:40:40 +0000] "GET /lib/bootstrap/dist/css/bootstrap-theme.css HTTP/1.1" 304 - "http://localhost:3001/authentication/signin" "Mozilla/5.0 (X11; Linux x86_64) AppleWebKit/537.36 (KHTML, like Gecko) Chrome/49.0.2623.87 Safari/537.36"
::1 - - [15/Mar/2016:20:40:40 +0000] "GET /modules/core/client/css/core.css HTTP/1.1" 304 - "http://localhost:3001/authentication/signin" "Mozilla/5.0 (X11; Linux x86_64) AppleWebKit/537.36 (KHTML, like Gecko) Chrome/49.0.2623.87 Safari/537.36"
::1 - - [15/Mar/2016:20:40:40 +0000] "GET /modules/users/client/css/users.css HTTP/1.1" 304 - "http://localhost:3001/authentication/signin" "Mozilla/5.0 (X11; Linux x86_64) AppleWebKit/537.36 (KHTML, like Gecko) Chrome/49.0.2623.87 Safari/537.36"
::1 - - [15/Mar/2016:20:40:40 +0000] "GET /lib/angular-resource/angular-resource.js HTTP/1.1" 304 - "http://localhost:3001/authentication/signin" "Mozilla/5.0 (X11; Linux x86_64) AppleWebKit/537.36 (KHTML, like Gecko) Chrome/49.0.2623.87 Safari/537.36"
::1 - - [15/Mar/2016:20:40:40 +0000] "GET /lib/angular-animate/angular-animate.js HTTP/1.1" 304 - "http://localhost:3001/authentication/signin" "Mozilla/5.0 (X11; Linux x86_64) AppleWebKit/537.36 (KHTML, like Gecko) Chrome/49.0.2623.87 Safari/537.36"
::1 - - [15/Mar/2016:20:40:40 +0000] "GET /lib/angular-messages/angular-messages.js HTTP/1.1" 304 - "http://localhost:3001/authentication/signin" "Mozilla/5.0 (X11; Linux x86_64) AppleWebKit/537.36 (KHTML, like Gecko) Chrome/49.0.2623.87 Safari/537.36"
::1 - - [15/Mar/2016:20:40:40 +0000] "GET /lib/angular-ui-router/release/angular-ui-router.js HTTP/1.1" 304 - "http://localhost:3001/authentication/signin" "Mozilla/5.0 (X11; Linux x86_64) AppleWebKit/537.36 (KHTML, like Gecko) Chrome/49.0.2623.87 Safari/537.36"
::1 - - [15/Mar/2016:20:40:40 +0000] "GET /lib/angular-ui-utils/ui-utils.js HTTP/1.1" 304 - "http://localhost:3001/authentication/signin" "Mozilla/5.0 (X11; Linux x86_64) AppleWebKit/537.36 (KHTML, like Gecko) Chrome/49.0.2623.87 Safari/537.36"
::1 - - [15/Mar/2016:20:40:40 +0000] "GET /lib/angular-bootstrap/ui-bootstrap-tpls.js HTTP/1.1" 304 - "http://localhost:3001/authentication/signin" "Mozilla/5.0 (X11; Linux x86_64) AppleWebKit/537.36 (KHTML, like Gecko) Chrome/49.0.2623.87 Safari/537.36"
::1 - - [15/Mar/2016:20:40:40 +0000] "GET /lib/angular-file-upload/angular-file-upload.js HTTP/1.1" 304 - "http://localhost:3001/authentication/signin" "Mozilla/5.0 (X11; Linux x86_64) AppleWebKit/537.36 (KHTML, like Gecko) Chrome/49.0.2623.87 Safari/537.36"
::1 - - [15/Mar/2016:20:40:40 +0000] "GET /lib/owasp-password-strength-test/owasp-password-strength-test.js HTTP/1.1" 304 - "http://localhost:3001/authentication/signin" "Mozilla/5.0 (X11; Linux x86_64) AppleWebKit/537.36 (KHTML, like Gecko) Chrome/49.0.2623.87 Safari/537.36"
::1 - - [15/Mar/2016:20:40:40 +0000] "GET /modules/core/client/app/config.js HTTP/1.1" 304 - "http://localhost:3001/authentication/signin" "Mozilla/5.0 (X11; Linux x86_64) AppleWebKit/537.36 (KHTML, like Gecko) Chrome/49.0.2623.87 Safari/537.36"
::1 - - [15/Mar/2016:20:40:40 +0000] "GET /modules/core/client/app/init.js HTTP/1.1" 304 - "http://localhost:3001/authentication/signin" "Mozilla/5.0 (X11; Linux x86_64) AppleWebKit/537.36 (KHTML, like Gecko) Chrome/49.0.2623.87 Safari/537.36"
::1 - - [15/Mar/2016:20:40:40 +0000] "GET /modules/core/client/core.client.module.js HTTP/1.1" 304 - "http://localhost:3001/authentication/signin" "Mozilla/5.0 (X11; Linux x86_64) AppleWebKit/537.36 (KHTML, like Gecko) Chrome/49.0.2623.87 Safari/537.36"
::1 - - [15/Mar/2016:20:40:40 +0000] "GET /modules/users/client/users.client.module.js HTTP/1.1" 304 - "http://localhost:3001/authentication/signin" "Mozilla/5.0 (X11; Linux x86_64) AppleWebKit/537.36 (KHTML, like Gecko) Chrome/49.0.2623.87 Safari/537.36"
::1 - - [15/Mar/2016:20:40:40 +0000] "GET /modules/ustories/client/ustories.client.module.js HTTP/1.1" 304 - "http://localhost:3001/authentication/signin" "Mozilla/5.0 (X11; Linux x86_64) AppleWebKit/537.36 (KHTML, like Gecko) Chrome/49.0.2623.87 Safari/537.36"
::1 - - [15/Mar/2016:20:40:40 +0000] "GET /modules/core/client/config/core-admin.client.menus.js HTTP/1.1" 304 - "http://localhost:3001/authentication/signin" "Mozilla/5.0 (X11; Linux x86_64) AppleWebKit/537.36 (KHTML, like Gecko) Chrome/49.0.2623.87 Safari/537.36"
::1 - - [15/Mar/2016:20:40:40 +0000] "GET /modules/core/client/config/core-admin.client.routes.js HTTP/1.1" 304 - "http://localhost:3001/authentication/signin" "Mozilla/5.0 (X11; Linux x86_64) AppleWebKit/537.36 (KHTML, like Gecko) Chrome/49.0.2623.87 Safari/537.36"
::1 - - [15/Mar/2016:20:40:40 +0000] "GET /modules/core/client/config/core.client.routes.js HTTP/1.1" 304 - "http://localhost:3001/authentication/signin" "Mozilla/5.0 (X11; Linux x86_64) AppleWebKit/537.36 (KHTML, like Gecko) Chrome/49.0.2623.87 Safari/537.36"
::1 - - [15/Mar/2016:20:40:40 +0000] "GET /modules/core/client/controllers/header.client.controller.js HTTP/1.1" 304 - "http://localhost:3001/authentication/signin" "Mozilla/5.0 (X11; Linux x86_64) AppleWebKit/537.36 (KHTML, like Gecko) Chrome/49.0.2623.87 Safari/537.36"
::1 - - [15/Mar/2016:20:40:40 +0000] "GET /modules/core/client/controllers/home.client.controller.js HTTP/1.1" 304 - "http://localhost:3001/authentication/signin" "Mozilla/5.0 (X11; Linux x86_64) AppleWebKit/537.36 (KHTML, like Gecko) Chrome/49.0.2623.87 Safari/537.36"
::1 - - [15/Mar/2016:20:40:40 +0000] "GET /modules/core/client/directives/show-errors.client.directives.js HTTP/1.1" 304 - "http://localhost:3001/authentication/signin" "Mozilla/5.0 (X11; Linux x86_64) AppleWebKit/537.36 (KHTML, like Gecko) Chrome/49.0.2623.87 Safari/537.36"
::1 - - [15/Mar/2016:20:40:40 +0000] "GET /modules/core/client/services/interceptors/auth.interceptor.client.service.js HTTP/1.1" 304 - "http://localhost:3001/authentication/signin" "Mozilla/5.0 (X11; Linux x86_64) AppleWebKit/537.36 (KHTML, like Gecko) Chrome/49.0.2623.87 Safari/537.36"
::1 - - [15/Mar/2016:20:40:40 +0000] "GET /modules/core/client/services/menus.client.service.js HTTP/1.1" 304 - "http://localhost:3001/authentication/signin" "Mozilla/5.0 (X11; Linux x86_64) AppleWebKit/537.36 (KHTML, like Gecko) Chrome/49.0.2623.87 Safari/537.36"
::1 - - [15/Mar/2016:20:40:40 +0000] "GET /modules/core/client/services/socket.io.client.service.js HTTP/1.1" 304 - "http://localhost:3001/authentication/signin" "Mozilla/5.0 (X11; Linux x86_64) AppleWebKit/537.36 (KHTML, like Gecko) Chrome/49.0.2623.87 Safari/537.36"
::1 - - [15/Mar/2016:20:40:40 +0000] "GET /modules/users/client/config/users-admin.client.menus.js HTTP/1.1" 304 - "http://localhost:3001/authentication/signin" "Mozilla/5.0 (X11; Linux x86_64) AppleWebKit/537.36 (KHTML, like Gecko) Chrome/49.0.2623.87 Safari/537.36"
::1 - - [15/Mar/2016:20:40:40 +0000] "GET /modules/users/client/config/users-admin.client.routes.js HTTP/1.1" 304 - "http://localhost:3001/authentication/signin" "Mozilla/5.0 (X11; Linux x86_64) AppleWebKit/537.36 (KHTML, like Gecko) Chrome/49.0.2623.87 Safari/537.36"
::1 - - [15/Mar/2016:20:40:40 +0000] "GET /modules/users/client/config/users.client.config.js HTTP/1.1" 304 - "http://localhost:3001/authentication/signin" "Mozilla/5.0 (X11; Linux x86_64) AppleWebKit/537.36 (KHTML, like Gecko) Chrome/49.0.2623.87 Safari/537.36"
::1 - - [15/Mar/2016:20:40:40 +0000] "GET /modules/users/client/config/users.client.routes.js HTTP/1.1" 304 - "http://localhost:3001/authentication/signin" "Mozilla/5.0 (X11; Linux x86_64) AppleWebKit/537.36 (KHTML, like Gecko) Chrome/49.0.2623.87 Safari/537.36"
::1 - - [15/Mar/2016:20:40:40 +0000] "GET /modules/users/client/controllers/admin/user.client.controller.js HTTP/1.1" 304 - "http://localhost:3001/authentication/signin" "Mozilla/5.0 (X11; Linux x86_64) AppleWebKit/537.36 (KHTML, like Gecko) Chrome/49.0.2623.87 Safari/537.36"
::1 - - [15/Mar/2016:20:40:40 +0000] "GET /modules/users/client/controllers/admin/list-users.client.controller.js HTTP/1.1" 304 - "http://localhost:3001/authentication/signin" "Mozilla/5.0 (X11; Linux x86_64) AppleWebKit/537.36 (KHTML, like Gecko) Chrome/49.0.2623.87 Safari/537.36"
::1 - - [15/Mar/2016:20:40:40 +0000] "GET /modules/users/client/controllers/settings/change-profile-picture.client.controller.js HTTP/1.1" 304 - "http://localhost:3001/authentication/signin" "Mozilla/5.0 (X11; Linux x86_64) AppleWebKit/537.36 (KHTML, like Gecko) Chrome/49.0.2623.87 Safari/537.36"
::1 - - [15/Mar/2016:20:40:40 +0000] "GET /modules/users/client/controllers/authentication.client.controller.js HTTP/1.1" 304 - "http://localhost:3001/authentication/signin" "Mozilla/5.0 (X11; Linux x86_64) AppleWebKit/537.36 (KHTML, like Gecko) Chrome/49.0.2623.87 Safari/537.36"
::1 - - [15/Mar/2016:20:40:40 +0000] "GET /modules/users/client/controllers/password.client.controller.js HTTP/1.1" 304 - "http://localhost:3001/authentication/signin" "Mozilla/5.0 (X11; Linux x86_64) AppleWebKit/537.36 (KHTML, like Gecko) Chrome/49.0.2623.87 Safari/537.36"
::1 - - [15/Mar/2016:20:40:40 +0000] "GET /modules/users/client/controllers/settings/change-password.client.controller.js HTTP/1.1" 304 - "http://localhost:3001/authentication/signin" "Mozilla/5.0 (X11; Linux x86_64) AppleWebKit/537.36 (KHTML, like Gecko) Chrome/49.0.2623.87 Safari/537.36"
::1 - - [15/Mar/2016:20:40:40 +0000] "GET /modules/users/client/controllers/settings/edit-profile.client.controller.js HTTP/1.1" 304 - "http://localhost:3001/authentication/signin" "Mozilla/5.0 (X11; Linux x86_64) AppleWebKit/537.36 (KHTML, like Gecko) Chrome/49.0.2623.87 Safari/537.36"
::1 - - [15/Mar/2016:20:40:40 +0000] "GET /modules/users/client/controllers/settings/manage-social-accounts.client.controller.js HTTP/1.1" 304 - "http://localhost:3001/authentication/signin" "Mozilla/5.0 (X11; Linux x86_64) AppleWebKit/537.36 (KHTML, like Gecko) Chrome/49.0.2623.87 Safari/537.36"
::1 - - [15/Mar/2016:20:40:40 +0000] "GET /modules/users/client/controllers/settings/settings.client.controller.js HTTP/1.1" 304 - "http://localhost:3001/authentication/signin" "Mozilla/5.0 (X11; Linux x86_64) AppleWebKit/537.36 (KHTML, like Gecko) Chrome/49.0.2623.87 Safari/537.36"
::1 - - [15/Mar/2016:20:40:40 +0000] "GET /modules/users/client/directives/users.client.directive.js HTTP/1.1" 304 - "http://localhost:3001/authentication/signin" "Mozilla/5.0 (X11; Linux x86_64) AppleWebKit/537.36 (KHTML, like Gecko) Chrome/49.0.2623.87 Safari/537.36"
::1 - - [15/Mar/2016:20:40:40 +0000] "GET /modules/users/client/directives/password-validator.client.directive.js HTTP/1.1" 304 - "http://localhost:3001/authentication/signin" "Mozilla/5.0 (X11; Linux x86_64) AppleWebKit/537.36 (KHTML, like Gecko) Chrome/49.0.2623.87 Safari/537.36"
::1 - - [15/Mar/2016:20:40:40 +0000] "GET /modules/users/client/directives/password-verify.client.directive.js HTTP/1.1" 304 - "http://localhost:3001/authentication/signin" "Mozilla/5.0 (X11; Linux x86_64) AppleWebKit/537.36 (KHTML, like Gecko) Chrome/49.0.2623.87 Safari/537.36"
::1 - - [15/Mar/2016:20:40:40 +0000] "GET /modules/users/client/services/authentication.client.service.js HTTP/1.1" 304 - "http://localhost:3001/authentication/signin" "Mozilla/5.0 (X11; Linux x86_64) AppleWebKit/537.36 (KHTML, like Gecko) Chrome/49.0.2623.87 Safari/537.36"
::1 - - [15/Mar/2016:20:40:40 +0000] "GET /modules/users/client/services/password-validator.client.service.js HTTP/1.1" 304 - "http://localhost:3001/authentication/signin" "Mozilla/5.0 (X11; Linux x86_64) AppleWebKit/537.36 (KHTML, like Gecko) Chrome/49.0.2623.87 Safari/537.36"
::1 - - [15/Mar/2016:20:40:40 +0000] "GET /modules/users/client/services/users.client.service.js HTTP/1.1" 304 - "http://localhost:3001/authentication/signin" "Mozilla/5.0 (X11; Linux x86_64) AppleWebKit/537.36 (KHTML, like Gecko) Chrome/49.0.2623.87 Safari/537.36"
::1 - - [15/Mar/2016:20:40:40 +0000] "GET /modules/ustories/client/config/ustories.client.config.js HTTP/1.1" 304 - "http://localhost:3001/authentication/signin" "Mozilla/5.0 (X11; Linux x86_64) AppleWebKit/537.36 (KHTML, like Gecko) Chrome/49.0.2623.87 Safari/537.36"
::1 - - [15/Mar/2016:20:40:40 +0000] "GET /modules/ustories/client/config/ustories.client.routes.js HTTP/1.1" 304 - "http://localhost:3001/authentication/signin" "Mozilla/5.0 (X11; Linux x86_64) AppleWebKit/537.36 (KHTML, like Gecko) Chrome/49.0.2623.87 Safari/537.36"
::1 - - [15/Mar/2016:20:40:40 +0000] "GET /modules/ustories/client/controllers/list-ustories.client.controller.js HTTP/1.1" 304 - "http://localhost:3001/authentication/signin" "Mozilla/5.0 (X11; Linux x86_64) AppleWebKit/537.36 (KHTML, like Gecko) Chrome/49.0.2623.87 Safari/537.36"
::1 - - [15/Mar/2016:20:40:40 +0000] "GET /modules/ustories/client/controllers/ustories.client.controller.js HTTP/1.1" 304 - "http://localhost:3001/authentication/signin" "Mozilla/5.0 (X11; Linux x86_64) AppleWebKit/537.36 (KHTML, like Gecko) Chrome/49.0.2623.87 Safari/537.36"
::1 - - [15/Mar/2016:20:40:40 +0000] "GET /modules/ustories/client/services/ustories.client.service.js HTTP/1.1" 304 - "http://localhost:3001/authentication/signin" "Mozilla/5.0 (X11; Linux x86_64) AppleWebKit/537.36 (KHTML, like Gecko) Chrome/49.0.2623.87 Safari/537.36"
::1 - - [15/Mar/2016:20:40:40 +0000] "GET /lib/angular-messages/angular-messages.js HTTP/1.1" 304 - "http://localhost:3001/authentication/signin" "Mozilla/5.0 (X11; Linux x86_64) AppleWebKit/537.36 (KHTML, like Gecko) Chrome/49.0.2623.87 Safari/537.36"
::1 - - [15/Mar/2016:20:40:40 +0000] "GET /lib/angular-ui-router/release/angular-ui-router.js HTTP/1.1" 304 - "http://localhost:3001/authentication/signin" "Mozilla/5.0 (X11; Linux x86_64) AppleWebKit/537.36 (KHTML, like Gecko) Chrome/49.0.2623.87 Safari/537.36"
::1 - - [15/Mar/2016:20:40:40 +0000] "GET /lib/angular-ui-utils/ui-utils.js HTTP/1.1" 304 - "http://localhost:3001/authentication/signin" "Mozilla/5.0 (X11; Linux x86_64) AppleWebKit/537.36 (KHTML, like Gecko) Chrome/49.0.2623.87 Safari/537.36"
::1 - - [15/Mar/2016:20:40:40 +0000] "GET /lib/angular-bootstrap/ui-bootstrap-tpls.js HTTP/1.1" 304 - "http://localhost:3001/authentication/signin" "Mozilla/5.0 (X11; Linux x86_64) AppleWebKit/537.36 (KHTML, like Gecko) Chrome/49.0.2623.87 Safari/537.36"
::1 - - [15/Mar/2016:20:40:40 +0000] "GET /lib/angular-file-upload/angular-file-upload.js HTTP/1.1" 304 - "http://localhost:3001/authentication/signin" "Mozilla/5.0 (X11; Linux x86_64) AppleWebKit/537.36 (KHTML, like Gecko) Chrome/49.0.2623.87 Safari/537.36"
::1 - - [15/Mar/2016:20:40:40 +0000] "GET /lib/owasp-password-strength-test/owasp-password-strength-test.js HTTP/1.1" 304 - "http://localhost:3001/authentication/signin" "Mozilla/5.0 (X11; Linux x86_64) AppleWebKit/537.36 (KHTML, like Gecko) Chrome/49.0.2623.87 Safari/537.36"
::1 - - [15/Mar/2016:20:40:40 +0000] "GET /modules/core/client/views/header.client.view.html HTTP/1.1" 304 - "http://localhost:3001/authentication/signin" "Mozilla/5.0 (X11; Linux x86_64) AppleWebKit/537.36 (KHTML, like Gecko) Chrome/49.0.2623.87 Safari/537.36"
::1 - - [15/Mar/2016:20:40:40 +0000] "GET /modules/users/client/views/authentication/authentication.client.view.html HTTP/1.1" 304 - "http://localhost:3001/authentication/signin" "Mozilla/5.0 (X11; Linux x86_64) AppleWebKit/537.36 (KHTML, like Gecko) Chrome/49.0.2623.87 Safari/537.36"
::1 - - [15/Mar/2016:20:40:41 +0000] "GET /modules/users/client/views/authentication/signin.client.view.html HTTP/1.1" 304 - "http://localhost:3001/authentication/signin" "Mozilla/5.0 (X11; Linux x86_64) AppleWebKit/537.36 (KHTML, like Gecko) Chrome/49.0.2623.87 Safari/537.36"
::1 - - [15/Mar/2016:20:40:41 +0000] "GET /modules/users/client/img/buttons/facebook.png HTTP/1.1" 304 - "http://localhost:3001/authentication/signin" "Mozilla/5.0 (X11; Linux x86_64) AppleWebKit/537.36 (KHTML, like Gecko) Chrome/49.0.2623.87 Safari/537.36"
::1 - - [15/Mar/2016:20:40:41 +0000] "GET /modules/users/client/img/buttons/twitter.png HTTP/1.1" 304 - "http://localhost:3001/authentication/signin" "Mozilla/5.0 (X11; Linux x86_64) AppleWebKit/537.36 (KHTML, like Gecko) Chrome/49.0.2623.87 Safari/537.36"
::1 - - [15/Mar/2016:20:40:41 +0000] "GET /modules/users/client/img/buttons/google.png HTTP/1.1" 304 - "http://localhost:3001/authentication/signin" "Mozilla/5.0 (X11; Linux x86_64) AppleWebKit/537.36 (KHTML, like Gecko) Chrome/49.0.2623.87 Safari/537.36"
::1 - - [15/Mar/2016:20:40:41 +0000] "GET /modules/users/client/img/buttons/linkedin.png HTTP/1.1" 304 - "http://localhost:3001/authentication/signin" "Mozilla/5.0 (X11; Linux x86_64) AppleWebKit/537.36 (KHTML, like Gecko) Chrome/49.0.2623.87 Safari/537.36"
::1 - - [15/Mar/2016:20:40:41 +0000] "GET /modules/users/client/img/buttons/github.png HTTP/1.1" 304 - "http://localhost:3001/authentication/signin" "Mozilla/5.0 (X11; Linux x86_64) AppleWebKit/537.36 (KHTML, like Gecko) Chrome/49.0.2623.87 Safari/537.36"
::1 - - [15/Mar/2016:20:40:41 +0000] "GET /modules/users/client/img/buttons/paypal.png HTTP/1.1" 304 - "http://localhost:3001/authentication/signin" "Mozilla/5.0 (X11; Linux x86_64) AppleWebKit/537.36 (KHTML, like Gecko) Chrome/49.0.2623.87 Safari/537.36"
::1 - - [15/Mar/2016:20:40:41 +0000] "GET /modules/core/client/img/brand/favicon.ico HTTP/1.1" 200 99678 "http://localhost:3001/authentication/signin" "Mozilla/5.0 (X11; Linux x86_64) AppleWebKit/537.36 (KHTML, like Gecko) Chrome/49.0.2623.87 Safari/537.36"
::1 - - [15/Mar/2016:20:40:42 +0000] "GET /api/auth/facebook HTTP/1.1" 302 0 "http://localhost:3001/authentication/signin" "Mozilla/5.0 (X11; Linux x86_64) AppleWebKit/537.36 (KHTML, like Gecko) Chrome/49.0.2623.87 Safari/537.36"
